info it worked if it ends with ok
verbose cli [ 'node', '/usr/local/bin/npm', 'run-script', 'dev' ]
info using npm@1.1.22
info using node@v0.6.15
verbose /usr/local/bin/node node symlink
verbose config file /Users/ness/.npmrc
verbose config file /usr/local/etc/npmrc
verbose config file /usr/local/lib/node_modules/npm/npmrc
verbose caching /Users/ness/CodeProjects/node/node-xmldoc-reader/package.json
verbose loadDefaults application-name@0.0.1
verbose run-script [ 'predev', 'dev', 'postdev' ]
info predev application-name@0.0.1
info dev application-name@0.0.1
verbose unsafe-perm in lifecycle true
silly exec sh "-c" "./modules/node-dev/node-dev app.js"
silly spawning [ 'sh',
silly spawning   [ '-c', './modules/node-dev/node-dev app.js' ],
silly spawning   '/Users/ness/CodeProjects/node/node-xmldoc-reader' ]
info application-name@0.0.1 Failed to exec dev script
ERR! application-name@0.0.1 dev: `./modules/node-dev/node-dev app.js`
ERR! `sh "-c" "./modules/node-dev/node-dev app.js"` failed with 127
ERR! 
ERR! Failed at the application-name@0.0.1 dev script.
ERR! This is most likely a problem with the application-name package,
ERR! not with npm itself.
ERR! Tell the author that this fails on your system:
ERR!     ./modules/node-dev/node-dev app.js
ERR! You can get their info via:
ERR!     npm owner ls application-name
ERR! There is likely additional logging output above.
ERR! 
ERR! System Darwin 11.4.0
ERR! command "node" "/usr/local/bin/npm" "run-script" "dev"
ERR! cwd /Users/ness/CodeProjects/node/node-xmldoc-reader
ERR! node -v v0.6.15
ERR! npm -v 1.1.22
ERR! code ELIFECYCLE
ERR! message application-name@0.0.1 dev: `./modules/node-dev/node-dev app.js`
ERR! message `sh "-c" "./modules/node-dev/node-dev app.js"` failed with 127
ERR! errno {}
verbose exit [ 1, true ]
